<?xml version="1.0" encoding="UTF-8"?>
<testng-results skipped="0" failed="0" ignored="0" total="1" passed="1">
  <reporter-output>
  </reporter-output>
  <suite name="Default suite" duration-ms="7404" started-at="2022-02-27T10:47:23Z" finished-at="2022-02-27T10:47:30Z">
    <groups>
    </groups>
    <test name="Default test" duration-ms="7404" started-at="2022-02-27T10:47:23Z" finished-at="2022-02-27T10:47:30Z">
      <class name="Com.test.AddUserTest">
        <test-method status="PASS" signature="test01()[pri:0, instance:Com.test.AddUserTest@4c6e276e]" name="test01" duration-ms="7381" started-at="2022-02-27T10:47:23Z" finished-at="2022-02-27T10:47:30Z">
          <reporter-output>
          </reporter-output>
        </test-method> <!-- test01 -->
      </class> <!-- Com.test.AddUserTest -->
    </test> <!-- Default test -->
  </suite> <!-- Default suite -->
</testng-results>
